Arguments: 
  /usr/bin/node /usr/bin/yarn add axios

PATH: 
  /usr/local/bin:/usr/bin:/usr/local/sbin:/usr/sbin:/usr/local/go/bin:/home/jeremy/.local/bin:/home/jeremy/bin

Yarn version: 
  1.22.17

Node version: 
  17.3.0

Platform: 
  linux x64

Trace: 
  Error: EACCES: permission denied, unlink '/home/jeremy/go/asynqmon/node_modules/@babel/code-frame/LICENSE'

npm manifest: 
  {
    "dependencies": {
      "@material-ui/core": "^4.12.3",
      "@material-ui/icons": "^4.11.2",
      "@material-ui/lab": "^4.0.0-alpha.60",
      "@reduxjs/toolkit": "^1.7.1",
      "@testing-library/react": "^12.1.2",
      "axios": "^0.24.0",
      "dayjs": "^1.10.7",
      "lodash.uniqby": "^4.7.0",
      "pretty-bytes": "^5.6.0",
      "query-string": "^7.0.1",
      "recharts": "^2.1.8"
    },
    "devDependencies": {
      "@types/jest": "^27.4.0",
      "@types/lodash.uniqby": "^4.7.6",
      "@types/react-dom": "^17.0.11",
      "@types/react-redux": "^7.1.21",
      "@types/react-router-dom": "^5.3.2",
      "@types/react-syntax-highlighter": "^13.5.2"
    }
  }

yarn manifest: 
  No manifest

Lockfile: 
  # THIS IS AN AUTOGENERATED FILE. DO NOT EDIT THIS FILE DIRECTLY.
  # yarn lockfile v1
  
  
  "@babel/code-frame@^7.10.4":
    "integrity" "sha512-iAXqUn8IIeBTNd72xsFlgaXHkMBMt6y4HJp1tIaK465CWLT/fG1aqB7ykr95gHHmlBdGbFeWWfyB4NJJ0nmeIg=="
    "resolved" "https://registry.npmjs.org/@babel/code-frame/-/code-frame-7.16.7.tgz"
    "version" "7.16.7"
    dependencies:
      "@babel/highlight" "^7.16.7"
  
  "@babel/helper-validator-identifier@^7.16.7":
    "integrity" "sha512-hsEnFemeiW4D08A5gUAZxLBTXpZ39P+a+DGDsHw1yxqyQ/jzFEnxf5uTEGp+3bzAbNOxU1paTgYS4ECU/IgfDw=="
    "resolved" "https://registry.npmjs.org/@babel/helper-validator-identifier/-/helper-validator-identifier-7.16.7.tgz"
    "version" "7.16.7"
  
  "@babel/highlight@^7.16.7":
    "integrity" "sha512-aKpPMfLvGO3Q97V0qhw/V2SWNWlwfJknuwAunU7wZLSfrM4xTBvg7E5opUVi1kJTBKihE38CPg4nBiqX83PWYw=="
    "resolved" "https://registry.npmjs.org/@babel/highlight/-/highlight-7.16.7.tgz"
    "version" "7.16.7"
    dependencies:
      "@babel/helper-validator-identifier" "^7.16.7"
      "chalk" "^2.0.0"
      "js-tokens" "^4.0.0"
  
  "@babel/runtime@^7.1.2", "@babel/runtime@^7.12.5", "@babel/runtime@^7.3.1", "@babel/runtime@^7.4.4", "@babel/runtime@^7.5.5", "@babel/runtime@^7.8.3", "@babel/runtime@^7.8.7", "@babel/runtime@^7.9.2":
    "integrity" "sha512-9E9FJowqAsytyOY6LG+1KuueckRL+aQW+mKvXRXnuFGyRAyepJPmEo9vgMfXUA6O9u3IeEdv9MAkppFcaQwogQ=="
    "resolved" "https://registry.npmjs.org/@babel/runtime/-/runtime-7.16.7.tgz"
    "version" "7.16.7"
    dependencies:
      "regenerator-runtime" "^0.13.4"
  
  "@emotion/hash@^0.8.0":
    "integrity" "sha512-kBJtf7PH6aWwZ6fka3zQ0p6SBYzx4fl1LoZXE2RrnYST9Xljm7WfKJrU4g/Xr3Beg72MLrp1AWNUmuYJTL7Cow=="
    "resolved" "https://registry.npmjs.org/@emotion/hash/-/hash-0.8.0.tgz"
    "version" "0.8.0"
  
  "@jest/types@^27.4.2":
    "integrity" "sha512-j35yw0PMTPpZsUoOBiuHzr1zTYoad1cVIE0ajEjcrJONxxrko/IRGKkXx3os0Nsi4Hu3+5VmDbVfq5WhG/pWAg=="
    "resolved" "https://registry.npmjs.org/@jest/types/-/types-27.4.2.tgz"
    "version" "27.4.2"
    dependencies:
      "@types/istanbul-lib-coverage" "^2.0.0"
      "@types/istanbul-reports" "^3.0.0"
      "@types/node" "*"
      "@types/yargs" "^16.0.0"
      "chalk" "^4.0.0"
  
  "@material-ui/core@^4.0.0", "@material-ui/core@^4.12.1", "@material-ui/core@^4.12.3":
    "integrity" "sha512-sdpgI/PL56QVsEJldwEe4FFaFTLUqN+rd7sSZiRCdx2E/C7z5yK0y/khAWVBH24tXwto7I1hCzNWfJGZIYJKnw=="
    "resolved" "https://registry.npmjs.org/@material-ui/core/-/core-4.12.3.tgz"
    "version" "4.12.3"
    dependencies:
      "@babel/runtime" "^7.4.4"
      "@material-ui/styles" "^4.11.4"
      "@material-ui/system" "^4.12.1"
      "@material-ui/types" "5.1.0"
      "@material-ui/utils" "^4.11.2"
      "@types/react-transition-group" "^4.2.0"
      "clsx" "^1.0.4"
      "hoist-non-react-statics" "^3.3.2"
      "popper.js" "1.16.1-lts"
      "prop-types" "^15.7.2"
      "react-is" "^16.8.0 || ^17.0.0"
      "react-transition-group" "^4.4.0"
  
  "@material-ui/icons@^4.11.2":
    "integrity" "sha512-fQNsKX2TxBmqIGJCSi3tGTO/gZ+eJgWmMJkgDiOfyNaunNaxcklJQFaFogYcFl0qFuaEz1qaXYXboa/bUXVSOQ=="
    "resolved" "https://registry.npmjs.org/@material-ui/icons/-/icons-4.11.2.tgz"
    "version" "4.11.2"
    dependencies:
      "@babel/runtime" "^7.4.4"
  
  "@material-ui/lab@^4.0.0-alpha.60":
    "integrity" "sha512-fadlYsPJF+0fx2lRuyqAuJj7hAS1tLDdIEEdov5jlrpb5pp4b+mRDUqQTUxi4inRZHS1bEXpU8QWUhO6xX88aA=="
    "resolved" "https://registry.npmjs.org/@material-ui/lab/-/lab-4.0.0-alpha.60.tgz"
    "version" "4.0.0-alpha.60"
    dependencies:
      "@babel/runtime" "^7.4.4"
      "@material-ui/utils" "^4.11.2"
      "clsx" "^1.0.4"
      "prop-types" "^15.7.2"
      "react-is" "^16.8.0 || ^17.0.0"
  
  "@material-ui/styles@^4.11.4":
    "integrity" "sha512-KNTIZcnj/zprG5LW0Sao7zw+yG3O35pviHzejMdcSGCdWbiO8qzRgOYL8JAxAsWBKOKYwVZxXtHWaB5T2Kvxew=="
    "resolved" "https://registry.npmjs.org/@material-ui/styles/-/styles-4.11.4.tgz"
    "version" "4.11.4"
    dependencies:
      "@babel/runtime" "^7.4.4"
      "@emotion/hash" "^0.8.0"
      "@material-ui/types" "5.1.0"
      "@material-ui/utils" "^4.11.2"
      "clsx" "^1.0.4"
      "csstype" "^2.5.2"
      "hoist-non-react-statics" "^3.3.2"
      "jss" "^10.5.1"
      "jss-plugin-camel-case" "^10.5.1"
      "jss-plugin-default-unit" "^10.5.1"
      "jss-plugin-global" "^10.5.1"
      "jss-plugin-nested" "^10.5.1"
      "jss-plugin-props-sort" "^10.5.1"
      "jss-plugin-rule-value-function" "^10.5.1"
      "jss-plugin-vendor-prefixer" "^10.5.1"
      "prop-types" "^15.7.2"
  
  "@material-ui/system@^4.12.1":
    "integrity" "sha512-lUdzs4q9kEXZGhbN7BptyiS1rLNHe6kG9o8Y307HCvF4sQxbCgpL2qi+gUk+yI8a2DNk48gISEQxoxpgph0xIw=="
    "resolved" "https://registry.npmjs.org/@material-ui/system/-/system-4.12.1.tgz"
    "version" "4.12.1"
    dependencies:
      "@babel/runtime" "^7.4.4"
      "@material-ui/utils" "^4.11.2"
      "csstype" "^2.5.2"
      "prop-types" "^15.7.2"
  
  "@material-ui/types@5.1.0":
    "integrity" "sha512-7cqRjrY50b8QzRSYyhSpx4WRw2YuO0KKIGQEVk5J8uoz2BanawykgZGoWEqKm7pVIbzFDN0SpPcVV4IhOFkl8A=="
    "resolved" "https://registry.npmjs.org/@material-ui/types/-/types-5.1.0.tgz"
    "version" "5.1.0"
  
  "@material-ui/utils@^4.11.2":
    "integrity" "sha512-Uul8w38u+PICe2Fg2pDKCaIG7kOyhowZ9vjiC1FsVwPABTW8vPPKfF6OvxRq3IiBaI1faOJmgdvMG7rMJARBhA=="
    "resolved" "https://registry.npmjs.org/@material-ui/utils/-/utils-4.11.2.tgz"
    "version" "4.11.2"
    dependencies:
      "@babel/runtime" "^7.4.4"
      "prop-types" "^15.7.2"
      "react-is" "^16.8.0 || ^17.0.0"
  
  "@reduxjs/toolkit@^1.7.1":
    "integrity" "sha512-wXwXYjBVz/ItxB7SMzEAMmEE/FBiY1ze18N+VVVX7NtVbRUrdOGKhpQMHivIJfkbJvSdLUU923a/yAagJQzY0Q=="
    "resolved" "https://registry.npmjs.org/@reduxjs/toolkit/-/toolkit-1.7.1.tgz"
    "version" "1.7.1"
    dependencies:
      "immer" "^9.0.7"
      "redux" "^4.1.2"
      "redux-thunk" "^2.4.1"
      "reselect" "^4.1.5"
  
  "@testing-library/dom@^8.0.0":
    "integrity" "sha512-3KQDyx9r0RKYailW2MiYrSSKEfH0GTkI51UGEvJenvcoDoeRYs0PZpi2SXqtnMClQvCqdtTTpOfFETDTVADpAg=="
    "resolved" "https://registry.npmjs.org/@testing-library/dom/-/dom-8.11.1.tgz"
    "version" "8.11.1"
    dependencies:
      "@babel/code-frame" "^7.10.4"
      "@babel/runtime" "^7.12.5"
      "@types/aria-query" "^4.2.0"
      "aria-query" "^5.0.0"
      "chalk" "^4.1.0"
      "dom-accessibility-api" "^0.5.9"
      "lz-string" "^1.4.4"
      "pretty-format" "^27.0.2"
  
  "@testing-library/react@^12.1.2":
    "integrity" "sha512-ihQiEOklNyHIpo2Y8FREkyD1QAea054U0MVbwH1m8N9TxeFz+KoJ9LkqoKqJlzx2JDm56DVwaJ1r36JYxZM05g=="
    "resolved" "https://registry.npmjs.org/@testing-library/react/-/react-12.1.2.tgz"
    "version" "12.1.2"
    dependencies:
      "@babel/runtime" "^7.12.5"
      "@testing-library/dom" "^8.0.0"
  
  "@types/aria-query@^4.2.0":
    "integrity" "sha512-HnYpAE1Y6kRyKM/XkEuiRQhTHvkzMBurTHnpFLYLBGPIylZNPs9jJcuOOYWxPLJCSEtmZT0Y8rHDokKN7rRTig=="
    "resolved" "https://registry.npmjs.org/@types/aria-query/-/aria-query-4.2.2.tgz"
    "version" "4.2.2"
  
  "@types/d3-color@^2":
    "integrity" "sha512-+0EtEjBfKEDtH9Rk3u3kLOUXM5F+iZK+WvASPb0MhIZl8J8NUvGeZRwKCXl+P3HkYx5TdU4YtcibpqHkSR9n7w=="
    "resolved" "https://registry.npmjs.org/@types/d3-color/-/d3-color-2.0.3.tgz"
    "version" "2.0.3"
  
  "@types/d3-interpolate@^2.0.0":
    "integrity" "sha512-lElyqlUfIPyWG/cD475vl6msPL4aMU7eJvx1//Q177L8mdXoVPFl1djIESF2FKnc0NyaHvQlJpWwKJYwAhUoCw=="
    "resolved" "https://registry.npmjs.org/@types/d3-interpolate/-/d3-interpolate-2.0.2.tgz"
    "version" "2.0.2"
    dependencies:
      "@types/d3-color" "^2"
  
  "@types/d3-path@^2":
    "integrity" "sha512-6K8LaFlztlhZO7mwsZg7ClRsdLg3FJRzIIi6SZXDWmmSJc2x8dd2VkESbLXdk3p8cuvz71f36S0y8Zv2AxqvQw=="
    "resolved" "https://registry.npmjs.org/@types/d3-path/-/d3-path-2.0.1.tgz"
    "version" "2.0.1"
  
  "@types/d3-scale@^3.0.0":
    "integrity" "sha512-gGqr7x1ost9px3FvIfUMi5XA/F/yAf4UkUDtdQhpH92XCT0Oa7zkkRzY61gPVJq+DxpHn/btouw5ohWkbBsCzQ=="
    "resolved" "https://registry.npmjs.org/@types/d3-scale/-/d3-scale-3.3.2.tgz"
    "version" "3.3.2"
    dependencies:
      "@types/d3-time" "^2"
  
  "@types/d3-shape@^2.0.0":
    "integrity" "sha512-HAhCel3wP93kh4/rq+7atLdybcESZ5bRHDEZUojClyZWsRuEMo3A52NGYJSh48SxfxEU6RZIVbZL2YFZ2OAlzQ=="
    "resolved" "https://registry.npmjs.org/@types/d3-shape/-/d3-shape-2.1.3.tgz"
    "version" "2.1.3"
    dependencies:
      "@types/d3-path" "^2"
  
  "@types/d3-time@^2":
    "integrity" "sha512-9MVYlmIgmRR31C5b4FVSWtuMmBHh2mOWQYfl7XAYOa8dsnb7iEmUmRSWSFgXFtkjxO65d7hTUHQC+RhR/9IWFg=="
    "resolved" "https://registry.npmjs.org/@types/d3-time/-/d3-time-2.1.1.tgz"
    "version" "2.1.1"
  
  "@types/history@*":
    "integrity" "sha512-MUc6zSmU3tEVnkQ78q0peeEjKWPUADMlC/t++2bI8WnAG2tvYRPIgHG8lWkXwqc8MsUF6Z2MOf+Mh5sazOmhiQ=="
    "resolved" "https://registry.npmjs.org/@types/history/-/history-4.7.9.tgz"
    "version" "4.7.9"
  
  "@types/hoist-non-react-statics@^3.3.0":
    "integrity" "sha512-iMIqiko6ooLrTh1joXodJK5X9xeEALT1kM5G3ZLhD3hszxBdIEd5C75U834D9mLcINgD4OyZf5uQXjkuYydWvA=="
    "resolved" "https://registry.npmjs.org/@types/hoist-non-react-statics/-/hoist-non-react-statics-3.3.1.tgz"
    "version" "3.3.1"
    dependencies:
      "@types/react" "*"
      "hoist-non-react-statics" "^3.3.0"
  
  "@types/istanbul-lib-coverage@*", "@types/istanbul-lib-coverage@^2.0.0":
    "integrity" "sha512-z/QT1XN4K4KYuslS23k62yDIDLwLFkzxOuMplDtObz0+y7VqJCaO2o+SPwHCvLFZh7xazvvoor2tA/hPz9ee7g=="
    "resolved" "https://registry.npmjs.org/@types/istanbul-lib-coverage/-/istanbul-lib-coverage-2.0.4.tgz"
    "version" "2.0.4"
  
  "@types/istanbul-lib-report@*":
    "integrity" "sha512-plGgXAPfVKFoYfa9NpYDAkseG+g6Jr294RqeqcqDixSbU34MZVJRi/P+7Y8GDpzkEwLaGZZOpKIEmeVZNtKsrg=="
    "resolved" "https://registry.npmjs.org/@types/istanbul-lib-report/-/istanbul-lib-report-3.0.0.tgz"
    "version" "3.0.0"
    dependencies:
      "@types/istanbul-lib-coverage" "*"
  
  "@types/istanbul-reports@^3.0.0":
    "integrity" "sha512-c3mAZEuK0lvBp8tmuL74XRKn1+y2dcwOUpH7x4WrF6gk1GIgiluDRgMYQtw2OFcBvAJWlt6ASU3tSqxp0Uu0Aw=="
    "resolved" "https://registry.npmjs.org/@types/istanbul-reports/-/istanbul-reports-3.0.1.tgz"
    "version" "3.0.1"
    dependencies:
      "@types/istanbul-lib-report" "*"
  
  "@types/jest@^27.4.0":
    "integrity" "sha512-gHl8XuC1RZ8H2j5sHv/JqsaxXkDDM9iDOgu0Wp8sjs4u/snb2PVehyWXJPr+ORA0RPpgw231mnutWI1+0hgjIQ=="
    "resolved" "https://registry.npmjs.org/@types/jest/-/jest-27.4.0.tgz"
    "version" "27.4.0"
    dependencies:
      "jest-diff" "^27.0.0"
      "pretty-format" "^27.0.0"
  
  "@types/lodash.uniqby@^4.7.6":
    "integrity" "sha512-9wBhrm1y6asW50Joj6tsySCNUgzK2tCqL7vtKIej0E9RyeBFdcte7fxUosmFuMoOU0eHqOMK76kCCrK99jxHgg=="
    "resolved" "https://registry.npmjs.org/@types/lodash.uniqby/-/lodash.uniqby-4.7.6.tgz"
    "version" "4.7.6"
    dependencies:
      "@types/lodash" "*"
  
  "@types/lodash@*":
    "integrity" "sha512-0d5Wd09ItQWH1qFbEyQ7oTQ3GZrMfth5JkbN3EvTKLXcHLRDSXeLnlvlOn0wvxVIwK5o2M8JzP/OWz7T3NRsbw=="
    "resolved" "https://registry.npmjs.org/@types/lodash/-/lodash-4.14.178.tgz"
    "version" "4.14.178"
  
  "@types/node@*":
    "integrity" "sha512-1QUk+WAUD4t8iR+Oj+UgI8oJa6yyxaB8a8pHaC8uqM6RrS1qbL7bf3Pwl5rHv0psm2CuDErgho6v5N+G+5fwtQ=="
    "resolved" "https://registry.npmjs.org/@types/node/-/node-17.0.7.tgz"
    "version" "17.0.7"
  
  "@types/prop-types@*":
    "integrity" "sha512-rZ5drC/jWjrArrS8BR6SIr4cWpW09RNTYt9AMZo3Jwwif+iacXAqgVjm0B0Bv/S1jhDXKHqRVNCbACkJ89RAnQ=="
    "resolved" "https://registry.npmjs.org/@types/prop-types/-/prop-types-15.7.4.tgz"
    "version" "15.7.4"
  
  "@types/react-dom@^17.0.11":
    "integrity" "sha512-f96K3k+24RaLGVu/Y2Ng3e1EbZ8/cVJvypZWd7cy0ofCBaf2lcM46xNhycMZ2xGwbBjRql7hOlZ+e2WlJ5MH3Q=="
    "resolved" "https://registry.npmjs.org/@types/react-dom/-/react-dom-17.0.11.tgz"
    "version" "17.0.11"
    dependencies:
      "@types/react" "*"
  
  "@types/react-redux@^7.1.21":
    "integrity" "sha512-bLdglUiBSQNzWVVbmNPKGYYjrzp3/YDPwfOH3nLEz99I4awLlaRAPWjo6bZ2POpxztFWtDDXIPxBLVykXqBt+w=="
    "resolved" "https://registry.npmjs.org/@types/react-redux/-/react-redux-7.1.21.tgz"
    "version" "7.1.21"
    dependencies:
      "@types/hoist-non-react-statics" "^3.3.0"
      "@types/react" "*"
      "hoist-non-react-statics" "^3.3.0"
      "redux" "^4.0.0"
  
  "@types/react-router-dom@^5.3.2":
    "integrity" "sha512-ELEYRUie2czuJzaZ5+ziIp9Hhw+juEw8b7C11YNA4QdLCVbQ3qLi2l4aq8XnlqM7V31LZX8dxUuFUCrzHm6sqQ=="
    "resolved" "https://registry.npmjs.org/@types/react-router-dom/-/react-router-dom-5.3.2.tgz"
    "version" "5.3.2"
    dependencies:
      "@types/history" "*"
      "@types/react" "*"
      "@types/react-router" "*"
  
  "@types/react-router@*":
    "integrity" "sha512-RNSXOyb3VyRs/EOGmjBhhGKTbnN6fHWvy5FNLzWfOWOGjgVUKqJZXfpKzLmgoU8h6Hj8mpALj/mbXQASOb92wQ=="
    "resolved" "https://registry.npmjs.org/@types/react-router/-/react-router-5.1.17.tgz"
    "version" "5.1.17"
    dependencies:
      "@types/history" "*"
      "@types/react" "*"
  
  "@types/react-syntax-highlighter@^13.5.2":
    "integrity" "sha512-sRZoKZBGKaE7CzMvTTgz+0x/aVR58ZYUTfB7HN76vC+yQnvo1FWtzNARBt0fGqcLGEVakEzMu/CtPzssmanu8Q=="
    "resolved" "https://registry.npmjs.org/@types/react-syntax-highlighter/-/react-syntax-highlighter-13.5.2.tgz"
    "version" "13.5.2"
    dependencies:
      "@types/react" "*"
  
  "@types/react-transition-group@^4.2.0":
    "integrity" "sha512-7gAPz7anVK5xzbeQW9wFBDg7G++aPLAFY0QaSMOou9rJZpbuI58WAuJrgu+qR92l61grlnCUe7AFX8KGahAgug=="
    "resolved" "https://registry.npmjs.org/@types/react-transition-group/-/react-transition-group-4.4.4.tgz"
    "version" "4.4.4"
    dependencies:
      "@types/react" "*"
  
  "@types/react@*", "@types/react@^16.8.6 || ^17.0.0":
    "integrity" "sha512-SI92X1IA+FMnP3qM5m4QReluXzhcmovhZnLNm3pyeQlooi02qI7sLiepEYqT678uNiyc25XfCqxREFpy3W7YhQ=="
    "resolved" "https://registry.npmjs.org/@types/react/-/react-17.0.38.tgz"
    "version" "17.0.38"
    dependencies:
      "@types/prop-types" "*"
      "@types/scheduler" "*"
      "csstype" "^3.0.2"
  
  "@types/resize-observer-browser@^0.1.6":
    "integrity" "sha512-61IfTac0s9jvNtBCpyo86QeaN8qqpMGHdK0uGKCCIy2dt5/Yk84VduHIdWAcmkC5QvdkPL0p5eWYgUZtHKKUVg=="
    "resolved" "https://registry.npmjs.org/@types/resize-observer-browser/-/resize-observer-browser-0.1.6.tgz"
    "version" "0.1.6"
  
  "@types/scheduler@*":
    "integrity" "sha512-hppQEBDmlwhFAXKJX2KnWLYu5yMfi91yazPb2l+lbJiwW+wdo1gNeRA+3RgNSO39WYX2euey41KEwnqesU2Jew=="
    "resolved" "https://registry.npmjs.org/@types/scheduler/-/scheduler-0.16.2.tgz"
    "version" "0.16.2"
  
  "@types/yargs-parser@*":
    "integrity" "sha512-7tFImggNeNBVMsn0vLrpn1H1uPrUBdnARPTpZoitY37ZrdJREzf7I16tMrlK3hen349gr1NYh8CmZQa7CTG6Aw=="
    "resolved" "https://registry.npmjs.org/@types/yargs-parser/-/yargs-parser-20.2.1.tgz"
    "version" "20.2.1"
  
  "@types/yargs@^16.0.0":
    "integrity" "sha512-T8Yc9wt/5LbJyCaLiHPReJa0kApcIgJ7Bn735GjItUfh08Z1pJvu8QZqb9s+mMvKV6WUQRV7K2R46YbjMXTTJw=="
    "resolved" "https://registry.npmjs.org/@types/yargs/-/yargs-16.0.4.tgz"
    "version" "16.0.4"
    dependencies:
      "@types/yargs-parser" "*"
  
  "ansi-regex@^5.0.1":
    "integrity" "sha512-quJQXlTSUGL2LH9SUXo8VwsY4soanhgo6LNSm84E1LBcE8s3O0wpdiRzyR9z/ZZJMlMWv37qOOb9pdJlMUEKFQ=="
    "resolved" "https://registry.npmjs.org/ansi-regex/-/ansi-regex-5.0.1.tgz"
    "version" "5.0.1"
  
  "ansi-styles@^3.2.1":
    "integrity" "sha512-VT0ZI6kZRdTh8YyJw3SMbYm/u+NqfsAxEpWO0Pf9sq8/e94WxxOpPKx9FR1FlyCtOVDNOQ+8ntlqFxiRc+r5qA=="
    "resolved" "https://registry.npmjs.org/ansi-styles/-/ansi-styles-3.2.1.tgz"
    "version" "3.2.1"
    dependencies:
      "color-convert" "^1.9.0"
  
  "ansi-styles@^4.1.0":
    "integrity" "sha512-zbB9rCJAT1rbjiVDb2hqKFHNYLxgtk8NURxZ3IZwD3F6NtxbXZQCnnSi1Lkx+IDohdPlFp222wVALIheZJQSEg=="
    "resolved" "https://registry.npmjs.org/ansi-styles/-/ansi-styles-4.3.0.tgz"
    "version" "4.3.0"
    dependencies:
      "color-convert" "^2.0.1"
  
  "ansi-styles@^5.0.0":
    "integrity" "sha512-Cxwpt2SfTzTtXcfOlzGEee8O+c+MmUgGrNiBcXnuWxuFJHe6a5Hz7qwhwe5OgaSYI0IJvkLqWX1ASG+cJOkEiA=="
    "resolved" "https://registry.npmjs.org/ansi-styles/-/ansi-styles-5.2.0.tgz"
    "version" "5.2.0"
  
  "aria-query@^5.0.0":
    "integrity" "sha512-V+SM7AbUwJ+EBnB8+DXs0hPZHO0W6pqBcc0dW90OwtVG02PswOu/teuARoLQjdDOH+t9pJgGnW5/Qmouf3gPJg=="
    "resolved" "https://registry.npmjs.org/aria-query/-/aria-query-5.0.0.tgz"
    "version" "5.0.0"
  
  "axios@^0.24.0":
    "integrity" "sha512-Q6cWsys88HoPgAaFAVUb0WpPk0O8iTeisR9IMqy9G8AbO4NlpVknrnQS03zzF9PGAWgO3cgletO3VjV/P7VztA=="
    "resolved" "https://registry.npmjs.org/axios/-/axios-0.24.0.tgz"
    "version" "0.24.0"
    dependencies:
      "follow-redirects" "^1.14.4"
  
  "chalk@^2.0.0":
    "integrity" "sha512-Mti+f9lpJNcwF4tWV8/OrTTtF1gZi+f8FqlyAdouralcFWFQWF2+NgCHShjkCb+IFBLq9buZwE1xckQU4peSuQ=="
    "resolved" "https://registry.npmjs.org/chalk/-/chalk-2.4.2.tgz"
    "version" "2.4.2"
    dependencies:
      "ansi-styles" "^3.2.1"
      "escape-string-regexp" "^1.0.5"
      "supports-color" "^5.3.0"
  
  "chalk@^4.0.0", "chalk@^4.1.0":
    "integrity" "sha512-oKnbhFyRIXpUuez8iBMmyEa4nbj4IOQyuhc/wy9kY7/WVPcwIO9VA668Pu8RkO7+0G76SLROeyw9CpQ061i4mA=="
    "resolved" "https://registry.npmjs.org/chalk/-/chalk-4.1.2.tgz"
    "version" "4.1.2"
    dependencies:
      "ansi-styles" "^4.1.0"
      "supports-color" "^7.1.0"
  
  "classnames@^2.2.5":
    "integrity" "sha512-OlQdbZ7gLfGarSqxesMesDa5uz7KFbID8Kpq/SxIoNGDqY8lSYs0D+hhtBXhcdB3rcbXArFr7vlHheLk1voeNA=="
    "resolved" "https://registry.npmjs.org/classnames/-/classnames-2.3.1.tgz"
    "version" "2.3.1"
  
  "clsx@^1.0.4":
    "integrity" "sha512-6/bPho624p3S2pMyvP5kKBPXnI3ufHLObBFCfgx+LkeR5lg2XYy2hqZqUf45ypD8COn2bhgGJSUE+l5dhNBieA=="
    "resolved" "https://registry.npmjs.org/clsx/-/clsx-1.1.1.tgz"
    "version" "1.1.1"
  
  "color-convert@^1.9.0":
    "integrity" "sha512-QfAUtd+vFdAtFQcC8CCyYt1fYWxSqAiK2cSD6zDB8N3cpsEBAvRxp9zOGg6G/SHHJYAT88/az/IuDGALsNVbGg=="
    "resolved" "https://registry.npmjs.org/color-convert/-/color-convert-1.9.3.tgz"
    "version" "1.9.3"
    dependencies:
      "color-name" "1.1.3"
  
  "color-convert@^2.0.1":
    "integrity" "sha512-RRECPsj7iu/xb5oKYcsFHSppFNnsj/52OVTRKb4zP5onXwVF3zVmmToNcOfGC+CRDpfK/U584fMg38ZHCaElKQ=="
    "resolved" "https://registry.npmjs.org/color-convert/-/color-convert-2.0.1.tgz"
    "version" "2.0.1"
    dependencies:
      "color-name" "~1.1.4"
  
  "color-name@~1.1.4":
    "integrity" "sha512-dOy+3AuW3a2wNbZHIuMZpTcgjGuLU/uBL/ubcZF9OXbDo8ff4O8yVp5Bf0efS8uEoYo5q4Fx7dY9OgQGXgAsQA=="
    "resolved" "https://registry.npmjs.org/color-name/-/color-name-1.1.4.tgz"
    "version" "1.1.4"
  
  "color-name@1.1.3":
    "integrity" "sha1-p9BVi9icQveV3UIyj3QIMcpTvCU="
    "resolved" "https://registry.npmjs.org/color-name/-/color-name-1.1.3.tgz"
    "version" "1.1.3"
  
  "css-unit-converter@^1.1.1":
    "integrity" "sha512-IiJwMC8rdZE0+xiEZHeru6YoONC4rfPMqGm2W85jMIbkFvv5nFTwJVFHam2eFrN6txmoUYFAFXiv8ICVeTO0MA=="
    "resolved" "https://registry.npmjs.org/css-unit-converter/-/css-unit-converter-1.1.2.tgz"
    "version" "1.1.2"
  
  "css-vendor@^2.0.8":
    "integrity" "sha512-x9Aq0XTInxrkuFeHKbYC7zWY8ai7qJ04Kxd9MnvbC1uO5DagxoHQjm4JvG+vCdXOoFtCjbL2XSZfxmoYa9uQVQ=="
    "resolved" "https://registry.npmjs.org/css-vendor/-/css-vendor-2.0.8.tgz"
    "version" "2.0.8"
    dependencies:
      "@babel/runtime" "^7.8.3"
      "is-in-browser" "^1.0.2"
  
  "csstype@^2.5.2":
    "integrity" "sha512-ZVxXaNy28/k3kJg0Fou5MiYpp88j7H9hLZp8PDC3jV0WFjfH5E9xHb56L0W59cPbKbcHXeP4qyT8PrHp8t6LcQ=="
    "resolved" "https://registry.npmjs.org/csstype/-/csstype-2.6.19.tgz"
    "version" "2.6.19"
  
  "csstype@^3.0.2":
    "integrity" "sha512-2u44ZG2OcNUO9HDp/Jl8C07x6pU/eTR3ncV91SiK3dhG9TWvRVsCoJw14Ckx5DgWkzGA3waZWO3d7pgqpUI/XA=="
    "resolved" "https://registry.npmjs.org/csstype/-/csstype-3.0.10.tgz"
    "version" "3.0.10"
  
  "d3-array@^2.3.0", "d3-array@2":
    "integrity" "sha512-B0ErZK/66mHtEsR1TkPEEkwdy+WDesimkM5gpZr5Dsg54BiTA5RXtYW5qTLIAcekaS9xfZrzBLF/OAkB3Qn1YQ=="
    "resolved" "https://registry.npmjs.org/d3-array/-/d3-array-2.12.1.tgz"
    "version" "2.12.1"
    dependencies:
      "internmap" "^1.0.0"
  
  "d3-color@1 - 2":
    "integrity" "sha512-SPXi0TSKPD4g9tw0NMZFnR95XVgUZiBH+uUTqQuDu1OsE2zomHU7ho0FISciaPvosimixwHFl3WHLGabv6dDgQ=="
    "resolved" "https://registry.npmjs.org/d3-color/-/d3-color-2.0.0.tgz"
    "version" "2.0.0"
  
  "d3-format@1 - 2":
    "integrity" "sha512-Ab3S6XuE/Q+flY96HXT0jOXcM4EAClYFnRGY5zsjRGNy6qCYrQsMffs7cV5Q9xejb35zxW5hf/guKw34kvIKsA=="
    "resolved" "https://registry.npmjs.org/d3-format/-/d3-format-2.0.0.tgz"
    "version" "2.0.0"
  
  "d3-interpolate@^2.0.0", "d3-interpolate@1.2.0 - 2":
    "integrity" "sha512-c5UhwwTs/yybcmTpAVqwSFl6vrQ8JZJoT5F7xNFK9pymv5C0Ymcc9/LIJHtYIggg/yS9YHw8i8O8tgb9pupjeQ=="
    "resolved" "https://registry.npmjs.org/d3-interpolate/-/d3-interpolate-2.0.1.tgz"
    "version" "2.0.1"
    dependencies:
      "d3-color" "1 - 2"
  
  "d3-path@1 - 2":
    "integrity" "sha512-ZwZQxKhBnv9yHaiWd6ZU4x5BtCQ7pXszEV9CU6kRgwIQVQGLMv1oiL4M+MK/n79sYzsj+gcgpPQSctJUsLN7fA=="
    "resolved" "https://registry.npmjs.org/d3-path/-/d3-path-2.0.0.tgz"
    "version" "2.0.0"
  
  "d3-scale@^3.0.0":
    "integrity" "sha512-1JGp44NQCt5d1g+Yy+GeOnZP7xHo0ii8zsQp6PGzd+C1/dl0KGsp9A7Mxwp+1D1o4unbTTxVdU/ZOIEBoeZPbQ=="
    "resolved" "https://registry.npmjs.org/d3-scale/-/d3-scale-3.3.0.tgz"
    "version" "3.3.0"
    dependencies:
      "d3-array" "^2.3.0"
      "d3-format" "1 - 2"
      "d3-interpolate" "1.2.0 - 2"
      "d3-time" "^2.1.1"
      "d3-time-format" "2 - 3"
  
  "d3-shape@^2.0.0":
    "integrity" "sha512-PnjUqfM2PpskbSLTJvAzp2Wv4CZsnAgTfcVRTwW03QR3MkXF8Uo7B1y/lWkAsmbKwuecto++4NlsYcvYpXpTHA=="
    "resolved" "https://registry.npmjs.org/d3-shape/-/d3-shape-2.1.0.tgz"
    "version" "2.1.0"
    dependencies:
      "d3-path" "1 - 2"
  
  "d3-time-format@2 - 3":
    "integrity" "sha512-UXJh6EKsHBTjopVqZBhFysQcoXSv/5yLONZvkQ5Kk3qbwiUYkdX17Xa1PT6U1ZWXGGfB1ey5L8dKMlFq2DO0Ag=="
    "resolved" "https://registry.npmjs.org/d3-time-format/-/d3-time-format-3.0.0.tgz"
    "version" "3.0.0"
    dependencies:
      "d3-time" "1 - 2"
  
  "d3-time@^2.1.1", "d3-time@1 - 2":
    "integrity" "sha512-/eIQe/eR4kCQwq7yxi7z4c6qEXf2IYGcjoWB5OOQy4Tq9Uv39/947qlDcN2TLkiTzQWzvnsuYPB9TrWaNfipKQ=="
    "resolved" "https://registry.npmjs.org/d3-time/-/d3-time-2.1.1.tgz"
    "version" "2.1.1"
    dependencies:
      "d3-array" "2"
  
  "dayjs@^1.10.7":
    "integrity" "sha512-P6twpd70BcPK34K26uJ1KT3wlhpuOAPoMwJzpsIWUxHZ7wpmbdZL/hQqBDfz7hGurYSa5PhzdhDHtt319hL3ig=="
    "resolved" "https://registry.npmjs.org/dayjs/-/dayjs-1.10.7.tgz"
    "version" "1.10.7"
  
  "decimal.js-light@^2.4.1":
    "integrity" "sha512-qIMFpTMZmny+MMIitAB6D7iVPEorVw6YQRWkvarTkT4tBeSLLiHzcwj6q0MmYSFCiVpiqPJTJEYIrpcPzVEIvg=="
    "resolved" "https://registry.npmjs.org/decimal.js-light/-/decimal.js-light-2.5.1.tgz"
    "version" "2.5.1"
  
  "decode-uri-component@^0.2.0":
    "integrity" "sha1-6zkTMzRYd1y4TNGh+uBiEGu4dUU="
    "resolved" "https://registry.npmjs.org/decode-uri-component/-/decode-uri-component-0.2.0.tgz"
    "version" "0.2.0"
  
  "diff-sequences@^27.4.0":
    "integrity" "sha512-YqiQzkrsmHMH5uuh8OdQFU9/ZpADnwzml8z0O5HvRNda+5UZsaX/xN+AAxfR2hWq1Y7HZnAzO9J5lJXOuDz2Ww=="
    "resolved" "https://registry.npmjs.org/diff-sequences/-/diff-sequences-27.4.0.tgz"
    "version" "27.4.0"
  
  "dom-accessibility-api@^0.5.9":
    "integrity" "sha512-Xu9mD0UjrJisTmv7lmVSDMagQcU9R5hwAbxsaAE/35XPnPLJobbuREfV/rraiSaEj/UOvgrzQs66zyTWTlyd+g=="
    "resolved" "https://registry.npmjs.org/dom-accessibility-api/-/dom-accessibility-api-0.5.10.tgz"
    "version" "0.5.10"
  
  "dom-helpers@^3.4.0":
    "integrity" "sha512-LnuPJ+dwqKDIyotW1VzmOZ5TONUN7CwkCR5hrgawTUbkBGYdeoNLZo6nNfGkCrjtE1nXXaj7iMMpDa8/d9WoIA=="
    "resolved" "https://registry.npmjs.org/dom-helpers/-/dom-helpers-3.4.0.tgz"
    "version" "3.4.0"
    dependencies:
      "@babel/runtime" "^7.1.2"
  
  "dom-helpers@^5.0.1":
    "integrity" "sha512-nRCa7CK3VTrM2NmGkIy4cbK7IZlgBE/PYMn55rrXefr5xXDP0LdtfPnblFDoVdcAfslJ7or6iqAUnx0CCGIWQA=="
    "resolved" "https://registry.npmjs.org/dom-helpers/-/dom-helpers-5.2.1.tgz"
    "version" "5.2.1"
    dependencies:
      "@babel/runtime" "^7.8.7"
      "csstype" "^3.0.2"
  
  "escape-string-regexp@^1.0.5":
    "integrity" "sha1-G2HAViGQqN/2rjuyzwIAyhMLhtQ="
    "resolved" "https://registry.npmjs.org/escape-string-regexp/-/escape-string-regexp-1.0.5.tgz"
    "version" "1.0.5"
  
  "eventemitter3@^4.0.1":
    "integrity" "sha512-8guHBZCwKnFhYdHr2ysuRWErTwhoN2X8XELRlrRwpmfeY2jjuUN4taQMsULKUVo1K4DvZl+0pgfyoysHxvmvEw=="
    "resolved" "https://registry.npmjs.org/eventemitter3/-/eventemitter3-4.0.7.tgz"
    "version" "4.0.7"
  
  "fast-equals@^2.0.0":
    "integrity" "sha512-caj/ZmjHljPrZtbzJ3kfH5ia/k4mTJe/qSiXAGzxZWRZgsgDV0cvNaQULqUX8t0/JVlzzEdYOwCN5DmzTxoD4w=="
    "resolved" "https://registry.npmjs.org/fast-equals/-/fast-equals-2.0.4.tgz"
    "version" "2.0.4"
  
  "filter-obj@^1.1.0":
    "integrity" "sha1-mzERErxsYSehbgFsbF1/GeCAXFs="
    "resolved" "https://registry.npmjs.org/filter-obj/-/filter-obj-1.1.0.tgz"
    "version" "1.1.0"
  
  "follow-redirects@^1.14.4":
    "integrity" "sha512-fhUl5EwSJbbl8AR+uYL2KQDxLkdSjZGR36xy46AO7cOMTrCMON6Sa28FmAnC2tRTDbd/Uuzz3aJBv7EBN7JH8A=="
    "resolved" "https://registry.npmjs.org/follow-redirects/-/follow-redirects-1.14.6.tgz"
    "version" "1.14.6"
  
  "has-flag@^3.0.0":
    "integrity" "sha1-tdRU3CGZriJWmfNGfloH87lVuv0="
    "resolved" "https://registry.npmjs.org/has-flag/-/has-flag-3.0.0.tgz"
    "version" "3.0.0"
  
  "has-flag@^4.0.0":
    "integrity" "sha512-EykJT/Q1KjTWctppgIAgfSO0tKVuZUjhgMr17kqTumMl6Afv3EISleU7qZUzoXDFTAHTDC4NOoG/ZxU3EvlMPQ=="
    "resolved" "https://registry.npmjs.org/has-flag/-/has-flag-4.0.0.tgz"
    "version" "4.0.0"
  
  "hoist-non-react-statics@^3.3.0", "hoist-non-react-statics@^3.3.2":
    "integrity" "sha512-/gGivxi8JPKWNm/W0jSmzcMPpfpPLc3dY/6GxhX2hQ9iGj3aDfklV4ET7NjKpSinLpJ5vafa9iiGIEZg10SfBw=="
    "resolved" "https://registry.npmjs.org/hoist-non-react-statics/-/hoist-non-react-statics-3.3.2.tgz"
    "version" "3.3.2"
    dependencies:
      "react-is" "^16.7.0"
  
  "hyphenate-style-name@^1.0.3":
    "integrity" "sha512-ygGZLjmXfPHj+ZWh6LwbC37l43MhfztxetbFCoYTM2VjkIUpeHgSNn7QIyVFj7YQ1Wl9Cbw5sholVJPzWvC2MQ=="
    "resolved" "https://registry.npmjs.org/hyphenate-style-name/-/hyphenate-style-name-1.0.4.tgz"
    "version" "1.0.4"
  
  "immer@^9.0.7":
    "integrity" "sha512-KGllzpbamZDvOIxnmJ0jI840g7Oikx58lBPWV0hUh7dtAyZpFqqrBZdKka5GlTwMTZ1Tjc/bKKW4VSFAt6BqMA=="
    "resolved" "https://registry.npmjs.org/immer/-/immer-9.0.7.tgz"
    "version" "9.0.7"
  
  "internmap@^1.0.0":
    "integrity" "sha512-lDB5YccMydFBtasVtxnZ3MRBHuaoE8GKsppq+EchKL2U4nK/DmEpPHNH8MZe5HkMtpSiTSOZwfN0tzYjO/lJEw=="
    "resolved" "https://registry.npmjs.org/internmap/-/internmap-1.0.1.tgz"
    "version" "1.0.1"
  
  "is-in-browser@^1.0.2", "is-in-browser@^1.1.3":
    "integrity" "sha1-Vv9NtoOgeMYILrldrX3GLh0E+DU="
    "resolved" "https://registry.npmjs.org/is-in-browser/-/is-in-browser-1.1.3.tgz"
    "version" "1.1.3"
  
  "jest-diff@^27.0.0":
    "integrity" "sha512-ujc9ToyUZDh9KcqvQDkk/gkbf6zSaeEg9AiBxtttXW59H/AcqEYp1ciXAtJp+jXWva5nAf/ePtSsgWwE5mqp4Q=="
    "resolved" "https://registry.npmjs.org/jest-diff/-/jest-diff-27.4.2.tgz"
    "version" "27.4.2"
    dependencies:
      "chalk" "^4.0.0"
      "diff-sequences" "^27.4.0"
      "jest-get-type" "^27.4.0"
      "pretty-format" "^27.4.2"
  
  "jest-get-type@^27.4.0":
    "integrity" "sha512-tk9o+ld5TWq41DkK14L4wox4s2D9MtTpKaAVzXfr5CUKm5ZK2ExcaFE0qls2W71zE/6R2TxxrK9w2r6svAFDBQ=="
    "resolved" "https://registry.npmjs.org/jest-get-type/-/jest-get-type-27.4.0.tgz"
    "version" "27.4.0"
  
  "js-tokens@^3.0.0 || ^4.0.0", "js-tokens@^4.0.0":
    "integrity" "sha512-RdJUflcE3cUzKiMqQgsCu06FPu9UdIJO0beYbPhHN4k6apgJtifcoCtT9bcxOpYBtpD2kCM6Sbzg4CausW/PKQ=="
    "resolved" "https://registry.npmjs.org/js-tokens/-/js-tokens-4.0.0.tgz"
    "version" "4.0.0"
  
  "jss-plugin-camel-case@^10.5.1":
    "integrity" "sha512-UH6uPpnDk413/r/2Olmw4+y54yEF2lRIV8XIZyuYpgPYTITLlPOsq6XB9qeqv+75SQSg3KLocq5jUBXW8qWWww=="
    "resolved" "https://registry.npmjs.org/jss-plugin-camel-case/-/jss-plugin-camel-case-10.9.0.tgz"
    "version" "10.9.0"
    dependencies:
      "@babel/runtime" "^7.3.1"
      "hyphenate-style-name" "^1.0.3"
      "jss" "10.9.0"
  
  "jss-plugin-default-unit@^10.5.1":
    "integrity" "sha512-7Ju4Q9wJ/MZPsxfu4T84mzdn7pLHWeqoGd/D8O3eDNNJ93Xc8PxnLmV8s8ZPNRYkLdxZqKtm1nPQ0BM4JRlq2w=="
    "resolved" "https://registry.npmjs.org/jss-plugin-default-unit/-/jss-plugin-default-unit-10.9.0.tgz"
    "version" "10.9.0"
    dependencies:
      "@babel/runtime" "^7.3.1"
      "jss" "10.9.0"
  
  "jss-plugin-global@^10.5.1":
    "integrity" "sha512-4G8PHNJ0x6nwAFsEzcuVDiBlyMsj2y3VjmFAx/uHk/R/gzJV+yRHICjT4MKGGu1cJq2hfowFWCyrr/Gg37FbgQ=="
    "resolved" "https://registry.npmjs.org/jss-plugin-global/-/jss-plugin-global-10.9.0.tgz"
    "version" "10.9.0"
    dependencies:
      "@babel/runtime" "^7.3.1"
      "jss" "10.9.0"
  
  "jss-plugin-nested@^10.5.1":
    "integrity" "sha512-2UJnDrfCZpMYcpPYR16oZB7VAC6b/1QLsRiAutOt7wJaaqwCBvNsosLEu/fUyKNQNGdvg2PPJFDO5AX7dwxtoA=="
    "resolved" "https://registry.npmjs.org/jss-plugin-nested/-/jss-plugin-nested-10.9.0.tgz"
    "version" "10.9.0"
    dependencies:
      "@babel/runtime" "^7.3.1"
      "jss" "10.9.0"
      "tiny-warning" "^1.0.2"
  
  "jss-plugin-props-sort@^10.5.1":
    "integrity" "sha512-7A76HI8bzwqrsMOJTWKx/uD5v+U8piLnp5bvru7g/3ZEQOu1+PjHvv7bFdNO3DwNPC9oM0a//KwIJsIcDCjDzw=="
    "resolved" "https://registry.npmjs.org/jss-plugin-props-sort/-/jss-plugin-props-sort-10.9.0.tgz"
    "version" "10.9.0"
    dependencies:
      "@babel/runtime" "^7.3.1"
      "jss" "10.9.0"
  
  "jss-plugin-rule-value-function@^10.5.1":
    "integrity" "sha512-IHJv6YrEf8pRzkY207cPmdbBstBaE+z8pazhPShfz0tZSDtRdQua5jjg6NMz3IbTasVx9FdnmptxPqSWL5tyJg=="
    "resolved" "https://registry.npmjs.org/jss-plugin-rule-value-function/-/jss-plugin-rule-value-function-10.9.0.tgz"
    "version" "10.9.0"
    dependencies:
      "@babel/runtime" "^7.3.1"
      "jss" "10.9.0"
      "tiny-warning" "^1.0.2"
  
  "jss-plugin-vendor-prefixer@^10.5.1":
    "integrity" "sha512-MbvsaXP7iiVdYVSEoi+blrW+AYnTDvHTW6I6zqi7JcwXdc6I9Kbm234nEblayhF38EftoenbM+5218pidmC5gA=="
    "resolved" "https://registry.npmjs.org/jss-plugin-vendor-prefixer/-/jss-plugin-vendor-prefixer-10.9.0.tgz"
    "version" "10.9.0"
    dependencies:
      "@babel/runtime" "^7.3.1"
      "css-vendor" "^2.0.8"
      "jss" "10.9.0"
  
  "jss@^10.5.1", "jss@10.9.0":
    "integrity" "sha512-YpzpreB6kUunQBbrlArlsMpXYyndt9JATbt95tajx0t4MTJJcCJdd4hdNpHmOIDiUJrF/oX5wtVFrS3uofWfGw=="
    "resolved" "https://registry.npmjs.org/jss/-/jss-10.9.0.tgz"
    "version" "10.9.0"
    dependencies:
      "@babel/runtime" "^7.3.1"
      "csstype" "^3.0.2"
      "is-in-browser" "^1.1.3"
      "tiny-warning" "^1.0.2"
  
  "lodash.debounce@^4.0.8":
    "integrity" "sha1-gteb/zCmfEAF/9XiUVMArZyk168="
    "resolved" "https://registry.npmjs.org/lodash.debounce/-/lodash.debounce-4.0.8.tgz"
    "version" "4.0.8"
  
  "lodash.throttle@^4.1.1":
    "integrity" "sha1-wj6RtxAkKscMN/HhzaknTMOb8vQ="
    "resolved" "https://registry.npmjs.org/lodash.throttle/-/lodash.throttle-4.1.1.tgz"
    "version" "4.1.1"
  
  "lodash.uniqby@^4.7.0":
    "integrity" "sha1-2ZwHpmnp5tJOE2Lf4mbGdhavEwI="
    "resolved" "https://registry.npmjs.org/lodash.uniqby/-/lodash.uniqby-4.7.0.tgz"
    "version" "4.7.0"
  
  "lodash@^4.17.19":
    "integrity" "sha512-v2kDEe57lecTulaDIuNTPy3Ry4gLGJ6Z1O3vE1krgXZNrsQ+LFTGHVxVjcXPs17LhbZVGedAJv8XZ1tvj5FvSg=="
    "resolved" "https://registry.npmjs.org/lodash/-/lodash-4.17.21.tgz"
    "version" "4.17.21"
  
  "loose-envify@^1.1.0", "loose-envify@^1.4.0":
    "integrity" "sha512-lyuxPGr/Wfhrlem2CL/UcnUc1zcqKAImBDzukY7Y5F/yQiNdko6+fRLevlw1HgMySw7f611UIY408EtxRSoK3Q=="
    "resolved" "https://registry.npmjs.org/loose-envify/-/loose-envify-1.4.0.tgz"
    "version" "1.4.0"
    dependencies:
      "js-tokens" "^3.0.0 || ^4.0.0"
  
  "lz-string@^1.4.4":
    "integrity" "sha1-wNjq82BZ9wV5bh40SBHPTEmNOiY="
    "resolved" "https://registry.npmjs.org/lz-string/-/lz-string-1.4.4.tgz"
    "version" "1.4.4"
  
  "object-assign@^4.1.1":
    "integrity" "sha1-IQmtx5ZYh8/AXLvUQsrIv7s2CGM="
    "resolved" "https://registry.npmjs.org/object-assign/-/object-assign-4.1.1.tgz"
    "version" "4.1.1"
  
  "performance-now@^2.1.0":
    "integrity" "sha1-Ywn04OX6kT7BxpMHrjZLSzd8nns="
    "resolved" "https://registry.npmjs.org/performance-now/-/performance-now-2.1.0.tgz"
    "version" "2.1.0"
  
  "popper.js@1.16.1-lts":
    "integrity" "sha512-Kjw8nKRl1m+VrSFCoVGPph93W/qrSO7ZkqPpTf7F4bk/sqcfWK019dWBUpE/fBOsOQY1dks/Bmcbfn1heM/IsA=="
    "resolved" "https://registry.npmjs.org/popper.js/-/popper.js-1.16.1-lts.tgz"
    "version" "1.16.1-lts"
  
  "postcss-value-parser@^3.3.0":
    "integrity" "sha512-pISE66AbVkp4fDQ7VHBwRNXzAAKJjw4Vw7nWI/+Q3vuly7SNfgYXvm6i5IgFylHGK5sP/xHAbB7N49OS4gWNyQ=="
    "resolved" "https://registry.npmjs.org/postcss-value-parser/-/postcss-value-parser-3.3.1.tgz"
    "version" "3.3.1"
  
  "pretty-bytes@^5.6.0":
    "integrity" "sha512-FFw039TmrBqFK8ma/7OL3sDz/VytdtJr044/QUJtH0wK9lb9jLq9tJyIxUwtQJHwar2BqtiA4iCWSwo9JLkzFg=="
    "resolved" "https://registry.npmjs.org/pretty-bytes/-/pretty-bytes-5.6.0.tgz"
    "version" "5.6.0"
  
  "pretty-format@^27.0.0", "pretty-format@^27.0.2", "pretty-format@^27.4.2":
    "integrity" "sha512-p0wNtJ9oLuvgOQDEIZ9zQjZffK7KtyR6Si0jnXULIDwrlNF8Cuir3AZP0hHv0jmKuNN/edOnbMjnzd4uTcmWiw=="
    "resolved" "https://registry.npmjs.org/pretty-format/-/pretty-format-27.4.2.tgz"
    "version" "27.4.2"
    dependencies:
      "@jest/types" "^27.4.2"
      "ansi-regex" "^5.0.1"
      "ansi-styles" "^5.0.0"
      "react-is" "^17.0.1"
  
  "prop-types@^15.6.0", "prop-types@^15.6.2", "prop-types@^15.7.2":
    "integrity" "sha512-fDGekdaHh65eI3lMi5OnErU6a8Ighg2KjcjQxO7m8VHyWjcPyj5kiOgV1LQDOOOgVy3+5FgjXvdSSX7B8/5/4g=="
    "resolved" "https://registry.npmjs.org/prop-types/-/prop-types-15.8.0.tgz"
    "version" "15.8.0"
    dependencies:
      "loose-envify" "^1.4.0"
      "object-assign" "^4.1.1"
      "react-is" "^16.13.1"
  
  "query-string@^7.0.1":
    "integrity" "sha512-uIw3iRvHnk9to1blJCG3BTc+Ro56CBowJXKmNNAm3RulvPBzWLRqKSiiDk+IplJhsydwtuNMHi8UGQFcCLVfkA=="
    "resolved" "https://registry.npmjs.org/query-string/-/query-string-7.0.1.tgz"
    "version" "7.0.1"
    dependencies:
      "decode-uri-component" "^0.2.0"
      "filter-obj" "^1.1.0"
      "split-on-first" "^1.0.0"
      "strict-uri-encode" "^2.0.0"
  
  "raf@^3.4.0":
    "integrity" "sha512-Sq4CW4QhwOHE8ucn6J34MqtZCeWFP2aQSmrlroYgqAV1PjStIhJXxYuTgUIfkEk7zTLjmIjLmU5q+fbD1NnOJA=="
    "resolved" "https://registry.npmjs.org/raf/-/raf-3.4.1.tgz"
    "version" "3.4.1"
    dependencies:
      "performance-now" "^2.1.0"
  
  "react-dom@*", "react-dom@^15.0.0 || ^16.0.0 || ^17.0.0", "react-dom@^16.0.0 || ^17.0.0", "react-dom@^16.8.0 || ^17.0.0", "react-dom@>=15.0.0", "react-dom@>=16.6.0":
    "integrity" "sha512-s4h96KtLDUQlsENhMn1ar8t2bEa+q/YAtj8pPPdIjPDGBDIVNsrD9aXNWqspUe6AzKCIG0C1HZZLqLV7qpOBGA=="
    "resolved" "https://registry.npmjs.org/react-dom/-/react-dom-17.0.2.tgz"
    "version" "17.0.2"
    dependencies:
      "loose-envify" "^1.1.0"
      "object-assign" "^4.1.1"
      "scheduler" "^0.20.2"
  
  "react-is@^16.10.2", "react-is@^16.13.1", "react-is@^16.7.0", "react-is@^16.8.0 || ^17.0.0":
    "integrity" "sha512-24e6ynE2H+OKt4kqsOvNd8kBpV65zoxbA4BVsEOB3ARVWQki/DHzaUoC5KuON/BiccDaCCTZBuOcfZs70kR8bQ=="
    "resolved" "https://registry.npmjs.org/react-is/-/react-is-16.13.1.tgz"
    "version" "16.13.1"
  
  "react-is@^17.0.1":
    "integrity" "sha512-w2GsyukL62IJnlaff/nRegPQR94C/XXamvMWmSHRJ4y7Ts/4ocGRmTHvOs8PSE6pB3dWOrD/nueuU5sduBsQ4w=="
    "resolved" "https://registry.npmjs.org/react-is/-/react-is-17.0.2.tgz"
    "version" "17.0.2"
  
  "react-lifecycles-compat@^3.0.4":
    "integrity" "sha512-fBASbA6LnOU9dOU2eW7aQ8xmYBSXUIWr+UmF9b1efZBazGNO+rcXT/icdKnYm2pTwcRylVUYwW7H1PHfLekVzA=="
    "resolved" "https://registry.npmjs.org/react-lifecycles-compat/-/react-lifecycles-compat-3.0.4.tgz"
    "version" "3.0.4"
  
  "react-resize-detector@^6.6.3":
    "integrity" "sha512-91QlSn3IpeLWX6aP7GDIH2IFGNR9hs8oD5xvjZdDFW9Zr27dFiTpzhIoC96T4ahHd/3Au64JUNiynpkf4Z0Zkg=="
    "resolved" "https://registry.npmjs.org/react-resize-detector/-/react-resize-detector-6.7.7.tgz"
    "version" "6.7.7"
    dependencies:
      "@types/resize-observer-browser" "^0.1.6"
      "lodash.debounce" "^4.0.8"
      "lodash.throttle" "^4.1.1"
      "resize-observer-polyfill" "^1.5.1"
  
  "react-smooth@^2.0.0":
    "integrity" "sha512-wK4dBBR6P21otowgMT9toZk+GngMplGS1O5gk+2WSiHEXIrQgDvhR5IIlT74Vtu//qpTcipkgo21dD7a7AUNxw=="
    "resolved" "https://registry.npmjs.org/react-smooth/-/react-smooth-2.0.0.tgz"
    "version" "2.0.0"
    dependencies:
      "fast-equals" "^2.0.0"
      "raf" "^3.4.0"
      "react-transition-group" "2.9.0"
  
  "react-transition-group@^4.4.0":
    "integrity" "sha512-/RNYfRAMlZwDSr6z4zNKV6xu53/e2BuaBbGhbyYIXTrmgu/bGHzmqOs7mJSJBHy9Ud+ApHx3QjrkKSp1pxvlFg=="
    "resolved" "https://registry.npmjs.org/react-transition-group/-/react-transition-group-4.4.2.tgz"
    "version" "4.4.2"
    dependencies:
      "@babel/runtime" "^7.5.5"
      "dom-helpers" "^5.0.1"
      "loose-envify" "^1.4.0"
      "prop-types" "^15.6.2"
  
  "react-transition-group@2.9.0":
    "integrity" "sha512-+HzNTCHpeQyl4MJ/bdE0u6XRMe9+XG/+aL4mCxVN4DnPBQ0/5bfHWPDuOZUzYdMj94daZaZdCCc1Dzt9R/xSSg=="
    "resolved" "https://registry.npmjs.org/react-transition-group/-/react-transition-group-2.9.0.tgz"
    "version" "2.9.0"
    dependencies:
      "dom-helpers" "^3.4.0"
      "loose-envify" "^1.4.0"
      "prop-types" "^15.6.2"
      "react-lifecycles-compat" "^3.0.4"
  
  "react@*", "react@^15.0.0 || ^16.0.0 || ^17.0.0", "react@^16.0.0 || ^17.0.0", "react@^16.8.0 || ^17.0.0", "react@^16.9.0 || ^17.0.0 || 18.0.0-beta", "react@>=15.0.0", "react@>=16.6.0", "react@17.0.2":
    "integrity" "sha512-gnhPt75i/dq/z3/6q/0asP78D0u592D5L1pd7M8P+dck6Fu/jJeL6iVVK23fptSUZj8Vjf++7wXA8UNclGQcbA=="
    "resolved" "https://registry.npmjs.org/react/-/react-17.0.2.tgz"
    "version" "17.0.2"
    dependencies:
      "loose-envify" "^1.1.0"
      "object-assign" "^4.1.1"
  
  "recharts-scale@^0.4.4":
    "integrity" "sha512-kivNFO+0OcUNu7jQquLXAxz1FIwZj8nrj+YkOKc5694NbjCvcT6aSZiIzNzd2Kul4o4rTto8QVR9lMNtxD4G1w=="
    "resolved" "https://registry.npmjs.org/recharts-scale/-/recharts-scale-0.4.5.tgz"
    "version" "0.4.5"
    dependencies:
      "decimal.js-light" "^2.4.1"
  
  "recharts@^2.1.8":
    "integrity" "sha512-Wi7ufdDGyvy/BPf1za1Ok7VeWB2KtEejaewO9ulmlUhvn5l5RPS4AOkrUfhtMRTTjgJ4K6AbWMDpwtDjczUHJA=="
    "resolved" "https://registry.npmjs.org/recharts/-/recharts-2.1.8.tgz"
    "version" "2.1.8"
    dependencies:
      "@types/d3-interpolate" "^2.0.0"
      "@types/d3-scale" "^3.0.0"
      "@types/d3-shape" "^2.0.0"
      "classnames" "^2.2.5"
      "d3-interpolate" "^2.0.0"
      "d3-scale" "^3.0.0"
      "d3-shape" "^2.0.0"
      "eventemitter3" "^4.0.1"
      "lodash" "^4.17.19"
      "react-is" "^16.10.2"
      "react-resize-detector" "^6.6.3"
      "react-smooth" "^2.0.0"
      "recharts-scale" "^0.4.4"
      "reduce-css-calc" "^2.1.8"
  
  "reduce-css-calc@^2.1.8":
    "integrity" "sha512-8liAVezDmUcH+tdzoEGrhfbGcP7nOV4NkGE3a74+qqvE7nt9i4sKLGBuZNOnpI4WiGksiNPklZxva80061QiPg=="
    "resolved" "https://registry.npmjs.org/reduce-css-calc/-/reduce-css-calc-2.1.8.tgz"
    "version" "2.1.8"
    dependencies:
      "css-unit-converter" "^1.1.1"
      "postcss-value-parser" "^3.3.0"
  
  "redux-thunk@^2.4.1":
    "integrity" "sha512-OOYGNY5Jy2TWvTL1KgAlVy6dcx3siPJ1wTq741EPyUKfn6W6nChdICjZwCd0p8AZBs5kWpZlbkXW2nE/zjUa+Q=="
    "resolved" "https://registry.npmjs.org/redux-thunk/-/redux-thunk-2.4.1.tgz"
    "version" "2.4.1"
  
  "redux@^4", "redux@^4.0.0", "redux@^4.1.2":
    "integrity" "sha512-SH8PglcebESbd/shgf6mii6EIoRM0zrQyjcuQ+ojmfxjTtE0z9Y8pa62iA/OJ58qjP6j27uyW4kUF4jl/jd6sw=="
    "resolved" "https://registry.npmjs.org/redux/-/redux-4.1.2.tgz"
    "version" "4.1.2"
    dependencies:
      "@babel/runtime" "^7.9.2"
  
  "regenerator-runtime@^0.13.4":
    "integrity" "sha512-p3VT+cOEgxFsRRA9X4lkI1E+k2/CtnKtU4gcxyaCUreilL/vqI6CdZ3wxVUx3UOUg+gnUOQQcRI7BmSI656MYA=="
    "resolved" "https://registry.npmjs.org/regenerator-runtime/-/regenerator-runtime-0.13.9.tgz"
    "version" "0.13.9"
  
  "reselect@^4.1.5":
    "integrity" "sha512-uVdlz8J7OO+ASpBYoz1Zypgx0KasCY20H+N8JD13oUMtPvSHQuscrHop4KbXrbsBcdB9Ds7lVK7eRkBIfO43vQ=="
    "resolved" "https://registry.npmjs.org/reselect/-/reselect-4.1.5.tgz"
    "version" "4.1.5"
  
  "resize-observer-polyfill@^1.5.1":
    "integrity" "sha512-LwZrotdHOo12nQuZlHEmtuXdqGoOD0OhaxopaNFxWzInpEgaLWoVuAMbTzixuosCx2nEG58ngzW3vxdWoxIgdg=="
    "resolved" "https://registry.npmjs.org/resize-observer-polyfill/-/resize-observer-polyfill-1.5.1.tgz"
    "version" "1.5.1"
  
  "scheduler@^0.20.2":
    "integrity" "sha512-2eWfGgAqqWFGqtdMmcL5zCMK1U8KlXv8SQFGglL3CEtd0aDVDWgeF/YoCmvln55m5zSk3J/20hTaSBeSObsQDQ=="
    "resolved" "https://registry.npmjs.org/scheduler/-/scheduler-0.20.2.tgz"
    "version" "0.20.2"
    dependencies:
      "loose-envify" "^1.1.0"
      "object-assign" "^4.1.1"
  
  "split-on-first@^1.0.0":
    "integrity" "sha512-43ZssAJaMusuKWL8sKUBQXHWOpq8d6CfN/u1p4gUzfJkM05C8rxTmYrkIPTXapZpORA6LkkzcUulJ8FqA7Uudw=="
    "resolved" "https://registry.npmjs.org/split-on-first/-/split-on-first-1.1.0.tgz"
    "version" "1.1.0"
  
  "strict-uri-encode@^2.0.0":
    "integrity" "sha1-ucczDHBChi9rFC3CdLvMWGbONUY="
    "resolved" "https://registry.npmjs.org/strict-uri-encode/-/strict-uri-encode-2.0.0.tgz"
    "version" "2.0.0"
  
  "supports-color@^5.3.0":
    "integrity" "sha512-QjVjwdXIt408MIiAqCX4oUKsgU2EqAGzs2Ppkm4aQYbjm+ZEWEcW4SfFNTr4uMNZma0ey4f5lgLrkB0aX0QMow=="
    "resolved" "https://registry.npmjs.org/supports-color/-/supports-color-5.5.0.tgz"
    "version" "5.5.0"
    dependencies:
      "has-flag" "^3.0.0"
  
  "supports-color@^7.1.0":
    "integrity" "sha512-qpCAvRl9stuOHveKsn7HncJRvv501qIacKzQlO/+Lwxc9+0q2wLyv4Dfvt80/DPn2pqOBsJdDiogXGR9+OvwRw=="
    "resolved" "https://registry.npmjs.org/supports-color/-/supports-color-7.2.0.tgz"
    "version" "7.2.0"
    dependencies:
      "has-flag" "^4.0.0"
  
  "tiny-warning@^1.0.2":
    "integrity" "sha512-lBN9zLN/oAf68o3zNXYrdCt1kP8WsiGW8Oo2ka41b2IM5JL/S1CTyX1rW0mb/zSuJun0ZUrDxx4sqvYS2FWzPA=="
    "resolved" "https://registry.npmjs.org/tiny-warning/-/tiny-warning-1.0.3.tgz"
    "version" "1.0.3"
